<?xml version="1.0" encoding="UTF-8"?>
<coverage generated="1745143479">
  <project timestamp="1745143479">
    <package name="BCMathExtended">
      <file name="/home/runner/work/bcmath-extended/bcmath-extended/src/BCMathExtended/BC.php">
        <class name="BCMathExtended\BC" namespace="BCMathExtended">
          <metrics complexity="103" methods="46" coveredmethods="45" conditionals="0" coveredconditionals="0" statements="286" coveredstatements="285" elements="332" coveredelements="330"/>
        </class>
        <line num="29" type="method" name="rand" visibility="public" complexity="1" crap="1" count="2"/>
        <line num="31" type="stmt" count="2"/>
        <line num="32" type="stmt" count="2"/>
        <line num="34" type="stmt" count="2"/>
        <line num="35" type="stmt" count="2"/>
        <line num="37" type="stmt" count="2"/>
        <line num="40" type="method" name="convertToNumber" visibility="public" complexity="6" crap="6" count="397"/>
        <line num="42" type="stmt" count="397"/>
        <line num="43" type="stmt" count="143"/>
        <line num="46" type="stmt" count="397"/>
        <line num="47" type="stmt" count="134"/>
        <line num="51" type="stmt" count="397"/>
        <line num="53" type="stmt" count="76"/>
        <line num="54" type="stmt" count="76"/>
        <line num="55" type="stmt" count="76"/>
        <line num="56" type="stmt" count="31"/>
        <line num="58" type="stmt" count="45"/>
        <line num="60" type="stmt" count="76"/>
        <line num="63" type="stmt" count="397"/>
        <line num="66" type="method" name="getDecimalsLength" visibility="public" complexity="2" crap="2" count="76"/>
        <line num="68" type="stmt" count="76"/>
        <line num="69" type="stmt" count="65"/>
        <line num="72" type="stmt" count="11"/>
        <line num="75" type="method" name="isFloat" visibility="protected" complexity="1" crap="1" count="262"/>
        <line num="77" type="stmt" count="262"/>
        <line num="80" type="method" name="pow" visibility="public" complexity="2" crap="2" count="130"/>
        <line num="85" type="stmt" count="130"/>
        <line num="86" type="stmt" count="130"/>
        <line num="88" type="stmt" count="130"/>
        <line num="89" type="stmt" count="9"/>
        <line num="91" type="stmt" count="122"/>
        <line num="94" type="stmt" count="130"/>
        <line num="97" type="method" name="powFractional" visibility="protected" complexity="1" crap="1" count="9"/>
        <line num="103" type="stmt" count="9"/>
        <line num="104" type="stmt" count="9"/>
        <line num="107" type="stmt" count="9"/>
        <line num="108" type="stmt" count="9"/>
        <line num="109" type="stmt" count="9"/>
        <line num="110" type="stmt" count="9"/>
        <line num="111" type="stmt" count="9"/>
        <line num="112" type="stmt" count="9"/>
        <line num="113" type="stmt" count="9"/>
        <line num="116" type="method" name="getScale" visibility="public" complexity="1" crap="1" count="38"/>
        <line num="118" type="stmt" count="38"/>
        <line num="121" type="method" name="parseToNumber" visibility="protected" complexity="5" crap="5.01" count="397"/>
        <line num="123" type="stmt" count="397"/>
        <line num="124" type="stmt" count="158"/>
        <line num="127" type="stmt" count="397"/>
        <line num="128" type="stmt" count="0"/>
        <line num="131" type="stmt" count="397"/>
        <line num="132" type="stmt" count="397"/>
        <line num="133" type="stmt" count="397"/>
        <line num="134" type="stmt" count="397"/>
        <line num="135" type="stmt" count="397"/>
        <line num="136" type="stmt" count="397"/>
        <line num="137" type="stmt" count="397"/>
        <line num="138" type="stmt" count="397"/>
        <line num="139" type="stmt" count="397"/>
        <line num="140" type="stmt" count="397"/>
        <line num="141" type="stmt" count="29"/>
        <line num="143" type="stmt" count="397"/>
        <line num="146" type="method" name="add" visibility="public" complexity="1" crap="1" count="64"/>
        <line num="151" type="stmt" count="64"/>
        <line num="152" type="stmt" count="64"/>
        <line num="154" type="stmt" count="64"/>
        <line num="156" type="stmt" count="64"/>
        <line num="159" type="method" name="formatTrailingZeroes" visibility="protected" complexity="2" crap="2" count="231"/>
        <line num="161" type="stmt" count="231"/>
        <line num="162" type="stmt" count="231"/>
        <line num="165" type="stmt" count="1"/>
        <line num="168" type="method" name="trimTrailingZeroes" visibility="protected" complexity="3" crap="3" count="240"/>
        <line num="170" type="stmt" count="240"/>
        <line num="172" type="stmt" count="240"/>
        <line num="173" type="stmt" count="164"/>
        <line num="176" type="stmt" count="240"/>
        <line num="178" type="stmt" count="240"/>
        <line num="181" type="method" name="exp" visibility="public" complexity="2" crap="2" count="17"/>
        <line num="183" type="stmt" count="17"/>
        <line num="184" type="stmt" count="17"/>
        <line num="185" type="stmt" count="17"/>
        <line num="186" type="stmt" count="17"/>
        <line num="187" type="stmt" count="17"/>
        <line num="190" type="stmt" count="17"/>
        <line num="193" type="method" name="mul" visibility="public" complexity="1" crap="1" count="129"/>
        <line num="198" type="stmt" count="129"/>
        <line num="199" type="stmt" count="129"/>
        <line num="201" type="stmt" count="129"/>
        <line num="203" type="stmt" count="129"/>
        <line num="206" type="method" name="div" visibility="public" complexity="2" crap="2" count="91"/>
        <line num="211" type="stmt" count="91"/>
        <line num="213" type="stmt" count="91"/>
        <line num="214" type="stmt" count="1"/>
        <line num="217" type="stmt" count="90"/>
        <line num="219" type="stmt" count="90"/>
        <line num="222" type="method" name="log" visibility="public" complexity="4" crap="4" count="14"/>
        <line num="224" type="stmt" count="14"/>
        <line num="225" type="stmt" count="14"/>
        <line num="226" type="stmt" count="1"/>
        <line num="228" type="stmt" count="13"/>
        <line num="229" type="stmt" count="1"/>
        <line num="232" type="stmt" count="12"/>
        <line num="233" type="stmt" count="12"/>
        <line num="234" type="stmt" count="12"/>
        <line num="236" type="stmt" count="12"/>
        <line num="237" type="stmt" count="12"/>
        <line num="239" type="stmt" count="12"/>
        <line num="241" type="stmt" count="12"/>
        <line num="242" type="stmt" count="12"/>
        <line num="244" type="stmt" count="12"/>
        <line num="245" type="stmt" count="12"/>
        <line num="247" type="stmt" count="11"/>
        <line num="249" type="stmt" count="12"/>
        <line num="250" type="stmt" count="12"/>
        <line num="252" type="stmt" count="12"/>
        <line num="255" type="method" name="compare" visibility="public" complexity="1" crap="1" count="45"/>
        <line num="260" type="stmt" count="45"/>
        <line num="261" type="stmt" count="45"/>
        <line num="263" type="stmt" count="45"/>
        <line num="266" type="method" name="sub" visibility="public" complexity="1" crap="1" count="63"/>
        <line num="271" type="stmt" count="63"/>
        <line num="272" type="stmt" count="63"/>
        <line num="274" type="stmt" count="63"/>
        <line num="276" type="stmt" count="63"/>
        <line num="279" type="method" name="sqrt" visibility="public" complexity="1" crap="1" count="6"/>
        <line num="281" type="stmt" count="6"/>
        <line num="283" type="stmt" count="6"/>
        <line num="285" type="stmt" count="6"/>
        <line num="288" type="method" name="setTrimTrailingZeroes" visibility="public" complexity="1" crap="1" count="1"/>
        <line num="290" type="stmt" count="1"/>
        <line num="296" type="method" name="max" visibility="public" complexity="4" crap="4" count="1"/>
        <line num="298" type="stmt" count="1"/>
        <line num="299" type="stmt" count="1"/>
        <line num="300" type="stmt" count="1"/>
        <line num="301" type="stmt" count="1"/>
        <line num="302" type="stmt" count="1"/>
        <line num="303" type="stmt" count="1"/>
        <line num="304" type="stmt" count="1"/>
        <line num="308" type="stmt" count="1"/>
        <line num="311" type="method" name="parseValues" visibility="protected" complexity="2" crap="2" count="2"/>
        <line num="313" type="stmt" count="2"/>
        <line num="314" type="stmt" count="2"/>
        <line num="317" type="stmt" count="2"/>
        <line num="323" type="method" name="min" visibility="public" complexity="4" crap="4" count="1"/>
        <line num="325" type="stmt" count="1"/>
        <line num="326" type="stmt" count="1"/>
        <line num="327" type="stmt" count="1"/>
        <line num="328" type="stmt" count="1"/>
        <line num="329" type="stmt" count="1"/>
        <line num="330" type="stmt" count="1"/>
        <line num="331" type="stmt" count="1"/>
        <line num="335" type="stmt" count="1"/>
        <line num="338" type="method" name="powMod" visibility="public" complexity="6" crap="6" count="14"/>
        <line num="344" type="stmt" count="14"/>
        <line num="345" type="stmt" count="14"/>
        <line num="347" type="stmt" count="14"/>
        <line num="348" type="stmt" count="1"/>
        <line num="351" type="stmt" count="13"/>
        <line num="352" type="stmt" count="1"/>
        <line num="356" type="stmt" count="12"/>
        <line num="357" type="stmt" count="5"/>
        <line num="358" type="stmt" count="5"/>
        <line num="359" type="stmt" count="5"/>
        <line num="360" type="stmt" count="5"/>
        <line num="361" type="stmt" count="5"/>
        <line num="362" type="stmt" count="5"/>
        <line num="363" type="stmt" count="5"/>
        <line num="364" type="stmt" count="5"/>
        <line num="365" type="stmt" count="5"/>
        <line num="367" type="stmt" count="7"/>
        <line num="370" type="stmt" count="12"/>
        <line num="373" type="method" name="isNegative" visibility="protected" complexity="1" crap="1" count="66"/>
        <line num="375" type="stmt" count="66"/>
        <line num="378" type="method" name="mod" visibility="public" complexity="1" crap="1" count="55"/>
        <line num="385" type="stmt" count="55"/>
        <line num="386" type="stmt" count="55"/>
        <line num="387" type="stmt" count="55"/>
        <line num="388" type="stmt" count="55"/>
        <line num="389" type="stmt" count="55"/>
        <line num="390" type="stmt" count="55"/>
        <line num="391" type="stmt" count="55"/>
        <line num="392" type="stmt" count="55"/>
        <line num="393" type="stmt" count="55"/>
        <line num="394" type="stmt" count="55"/>
        <line num="395" type="stmt" count="55"/>
        <line num="396" type="stmt" count="55"/>
        <line num="397" type="stmt" count="55"/>
        <line num="398" type="stmt" count="55"/>
        <line num="399" type="stmt" count="55"/>
        <line num="400" type="stmt" count="55"/>
        <line num="401" type="stmt" count="55"/>
        <line num="404" type="method" name="floor" visibility="public" complexity="1" crap="1" count="80"/>
        <line num="406" type="stmt" count="80"/>
        <line num="409" type="method" name="fact" visibility="public" complexity="4" crap="4" count="8"/>
        <line num="411" type="stmt" count="8"/>
        <line num="413" type="stmt" count="8"/>
        <line num="414" type="stmt" count="1"/>
        <line num="416" type="stmt" count="7"/>
        <line num="417" type="stmt" count="1"/>
        <line num="420" type="stmt" count="6"/>
        <line num="421" type="stmt" count="6"/>
        <line num="422" type="stmt" count="5"/>
        <line num="425" type="stmt" count="6"/>
        <line num="428" type="method" name="hexdec" visibility="public" complexity="2" crap="2" count="7"/>
        <line num="430" type="stmt" count="7"/>
        <line num="431" type="stmt" count="7"/>
        <line num="433" type="stmt" count="7"/>
        <line num="434" type="stmt" count="7"/>
        <line num="437" type="stmt" count="7"/>
        <line num="438" type="stmt" count="7"/>
        <line num="439" type="stmt" count="7"/>
        <line num="440" type="stmt" count="7"/>
        <line num="441" type="stmt" count="7"/>
        <line num="442" type="stmt" count="7"/>
        <line num="443" type="stmt" count="7"/>
        <line num="444" type="stmt" count="7"/>
        <line num="447" type="method" name="dechex" visibility="public" complexity="2" crap="2" count="6"/>
        <line num="449" type="stmt" count="6"/>
        <line num="450" type="stmt" count="6"/>
        <line num="452" type="stmt" count="6"/>
        <line num="453" type="stmt" count="6"/>
        <line num="456" type="stmt" count="6"/>
        <line num="459" type="method" name="bitAnd" visibility="public" complexity="1" crap="1" count="12"/>
        <line num="461" type="stmt" count="12"/>
        <line num="464" type="method" name="bitOperatorHelper" visibility="protected" complexity="12" crap="12" count="36"/>
        <line num="469" type="stmt" count="36"/>
        <line num="470" type="stmt" count="36"/>
        <line num="472" type="stmt" count="36"/>
        <line num="473" type="stmt" count="3"/>
        <line num="475" type="stmt" count="33"/>
        <line num="476" type="stmt" count="3"/>
        <line num="479" type="stmt" count="30"/>
        <line num="480" type="stmt" count="30"/>
        <line num="482" type="stmt" count="30"/>
        <line num="483" type="stmt" count="30"/>
        <line num="485" type="stmt" count="30"/>
        <line num="487" type="stmt" count="30"/>
        <line num="488" type="stmt" count="30"/>
        <line num="490" type="stmt" count="30"/>
        <line num="491" type="stmt" count="7"/>
        <line num="493" type="stmt" count="30"/>
        <line num="494" type="stmt" count="7"/>
        <line num="497" type="stmt" count="30"/>
        <line num="498" type="stmt" count="30"/>
        <line num="499" type="stmt" count="30"/>
        <line num="500" type="stmt" count="10"/>
        <line num="501" type="stmt" count="10"/>
        <line num="502" type="stmt" count="20"/>
        <line num="503" type="stmt" count="12"/>
        <line num="504" type="stmt" count="12"/>
        <line num="505" type="stmt" count="8"/>
        <line num="506" type="stmt" count="8"/>
        <line num="507" type="stmt" count="8"/>
        <line num="510" type="stmt" count="30"/>
        <line num="511" type="stmt" count="8"/>
        <line num="514" type="stmt" count="30"/>
        <line num="516" type="stmt" count="30"/>
        <line num="519" type="method" name="dec2bin" visibility="public" complexity="3" crap="3" count="36"/>
        <line num="521" type="stmt" count="36"/>
        <line num="522" type="stmt" count="36"/>
        <line num="523" type="stmt" count="36"/>
        <line num="524" type="stmt" count="35"/>
        <line num="525" type="stmt" count="35"/>
        <line num="526" type="stmt" count="30"/>
        <line num="529" type="stmt" count="33"/>
        <line num="530" type="stmt" count="33"/>
        <line num="531" type="stmt" count="33"/>
        <line num="532" type="stmt" count="33"/>
        <line num="535" type="stmt" count="33"/>
        <line num="536" type="stmt" count="36"/>
        <line num="537" type="stmt" count="36"/>
        <line num="543" type="method" name="decBaseHelper" visibility="protected" complexity="3" crap="3" count="37"/>
        <line num="545" type="stmt" count="37"/>
        <line num="546" type="stmt" count="2"/>
        <line num="548" type="stmt" count="35"/>
        <line num="549" type="stmt" count="35"/>
        <line num="551" type="stmt" count="35"/>
        <line num="553" type="stmt" count="35"/>
        <line num="555" type="stmt" count="35"/>
        <line num="558" type="method" name="setScale" visibility="public" complexity="1" crap="1" count="402"/>
        <line num="560" type="stmt" count="402"/>
        <line num="561" type="stmt" count="402"/>
        <line num="564" type="method" name="getScaleForMethod" visibility="protected" complexity="2" crap="2" count="211"/>
        <line num="566" type="stmt" count="211"/>
        <line num="567" type="stmt" count="205"/>
        <line num="570" type="stmt" count="59"/>
        <line num="573" type="method" name="abs" visibility="public" complexity="2" crap="2" count="45"/>
        <line num="575" type="stmt" count="45"/>
        <line num="577" type="stmt" count="45"/>
        <line num="578" type="stmt" count="19"/>
        <line num="581" type="stmt" count="45"/>
        <line num="584" type="method" name="alignBinLength" visibility="protected" complexity="1" crap="1" count="30"/>
        <line num="586" type="stmt" count="30"/>
        <line num="589" type="method" name="recalculateNegative" visibility="protected" complexity="3" crap="3" count="11"/>
        <line num="591" type="stmt" count="11"/>
        <line num="592" type="stmt" count="11"/>
        <line num="593" type="stmt" count="11"/>
        <line num="594" type="stmt" count="11"/>
        <line num="595" type="stmt" count="11"/>
        <line num="596" type="stmt" count="11"/>
        <line num="597" type="stmt" count="11"/>
        <line num="601" type="stmt" count="11"/>
        <line num="604" type="method" name="bin2dec" visibility="public" complexity="2" crap="2" count="36"/>
        <line num="606" type="stmt" count="36"/>
        <line num="608" type="stmt" count="36"/>
        <line num="609" type="stmt" count="36"/>
        <line num="610" type="stmt" count="36"/>
        <line num="611" type="stmt" count="35"/>
        <line num="612" type="stmt" count="35"/>
        <line num="614" type="stmt" count="35"/>
        <line num="615" type="stmt" count="35"/>
        <line num="616" type="stmt" count="35"/>
        <line num="617" type="stmt" count="35"/>
        <line num="620" type="stmt" count="35"/>
        <line num="621" type="stmt" count="36"/>
        <line num="622" type="stmt" count="36"/>
        <line num="625" type="method" name="bitOr" visibility="public" complexity="1" crap="1" count="14"/>
        <line num="627" type="stmt" count="14"/>
        <line num="630" type="method" name="bitXor" visibility="public" complexity="1" crap="1" count="10"/>
        <line num="632" type="stmt" count="10"/>
        <line num="635" type="method" name="roundHalfEven" visibility="public" complexity="1" crap="1" count="26"/>
        <line num="637" type="stmt" count="26"/>
        <line num="640" type="method" name="round" visibility="public" complexity="2" crap="2" count="48"/>
        <line num="645" type="stmt" count="48"/>
        <line num="646" type="stmt" count="48"/>
        <line num="647" type="stmt" count="37"/>
        <line num="650" type="stmt" count="48"/>
        <line num="653" type="method" name="roundUp" visibility="public" complexity="1" crap="1" count="17"/>
        <line num="655" type="stmt" count="17"/>
        <line num="658" type="method" name="ceil" visibility="public" complexity="1" crap="1" count="24"/>
        <line num="660" type="stmt" count="24"/>
        <line num="663" type="method" name="roundDown" visibility="public" complexity="1" crap="1" count="18"/>
        <line num="665" type="stmt" count="18"/>
        <metrics loc="668" ncloc="652" classes="1" methods="46" coveredmethods="45" conditionals="0" coveredconditionals="0" statements="286" coveredstatements="285" elements="332" coveredelements="330"/>
      </file>
    </package>
    <metrics files="1" loc="668" ncloc="652" classes="1" methods="46" coveredmethods="45" conditionals="0" coveredconditionals="0" statements="286" coveredstatements="285" elements="332" coveredelements="330"/>
  </project>
</coverage>
